<?xml version="1.0" encoding="UTF-8"?>
<!-- Generated by org.testng.reporters.JUnitReportReporter -->
<testsuite skipped="0" hostname="DELL-PC" name="com.GenerateXML.WritingXMLForTestCases" tests="2" failures="0" timestamp="11 Jul 2017 06:32:12 GMT" time="4.783" errors="0">
  <testcase name="getTestcases" time="4.229" classname="com.GenerateXML.WritingXMLForTestCases"/>
  <testcase name="startWriting" time="0.554" classname="com.GenerateXML.WritingXMLForTestCases"/>
</testsuite> <!-- com.GenerateXML.WritingXMLForTestCases -->
