<?xml version="1.0" encoding="UTF-8"?>
<!-- Generated by org.testng.reporters.JUnitReportReporter -->
<testsuite skipped="0" hostname="DELL-PC" name="com.TestCases.Tc_02" tests="1" failures="0" timestamp="11 Jul 2017 06:32:11 GMT" time="0.000" errors="0">
  <testcase name="doSomething" time="0.000" classname="com.TestCases.Tc_02"/>
</testsuite> <!-- com.TestCases.Tc_02 -->
