<?xml version="1.0" encoding="UTF-8"?>
<!-- Generated by org.testng.reporters.JUnitReportReporter -->
<testsuite skipped="0" hostname="DELL-PC" name="com.GenerateXML.Test" tests="1" failures="0" timestamp="10 Jul 2017 19:08:50 GMT" time="3.096" errors="0">
  <testcase name="runXML" time="3.096" classname="com.GenerateXML.Test"/>
</testsuite> <!-- com.GenerateXML.Test -->
