<?xml version="1.0" encoding="UTF-8"?>
<!-- Generated by org.testng.reporters.JUnitReportReporter -->
<testsuite skipped="0" hostname="DELL-PC" name="com.Testing.ClassB" tests="1" failures="0" timestamp="11 Jun 2017 04:24:57 GMT" time="0.002" errors="0">
  <testcase name="start" time="0.002" classname="com.Testing.ClassB"/>
</testsuite> <!-- com.Testing.ClassB -->
