<?xml version="1.0" encoding="UTF-8"?>
<!-- Generated by org.testng.reporters.JUnitReportReporter -->
<testsuite skipped="0" hostname="DELL-PC" name="com.TestCases.Tc_01" tests="1" failures="0" timestamp="10 Jul 2017 20:13:50 GMT" time="0.954" errors="0">
  <testcase name="doSomething" time="0.954" classname="com.TestCases.Tc_01"/>
</testsuite> <!-- com.TestCases.Tc_01 -->
