<?xml version="1.0" encoding="UTF-8"?>
<!-- Generated by org.testng.reporters.JUnitReportReporter -->
<testsuite skipped="0" hostname="DELL-PC" name="com.TestCases.Tc_03" tests="1" failures="0" timestamp="10 Jul 2017 19:08:50 GMT" time="0.000" errors="0">
  <testcase name="doSomething" time="0.000" classname="com.TestCases.Tc_03"/>
</testsuite> <!-- com.TestCases.Tc_03 -->
